<?xml version="1.0" encoding="UTF-8"?>
<!-- Generated by org.testng.reporters.JUnitReportReporter -->
<testsuite hostname="RWAMW036711" failures="0" tests="2" name="mystore.ContactPage" time="3.141" errors="0" timestamp="2021-10-12T16:16:49 CEST" skipped="0">
  <testcase classname="mystore.ContactPage" name="openContactPage" time="1.444"/>
  <system-out/>
  <testcase classname="mystore.ContactPage" name="sendValidMessageWithoutFile" time="1.697"/>
  <system-out/>
</testsuite> <!-- mystore.ContactPage -->
