<?xml version="1.0" encoding="UTF-8"?>
<!-- Generated by org.testng.reporters.JUnitReportReporter -->
<testsuite hostname="RWAMW036711" failures="0" tests="2" name="academy.LoginPage" time="8.596" errors="0" timestamp="2021-10-12T13:11:49 CEST" skipped="0">
  <testcase classname="academy.LoginPage" name="login" time="4.920"/>
  <system-out/>
  <testcase classname="academy.LoginPage" name="login" time="3.676"/>
  <system-out/>
</testsuite> <!-- academy.LoginPage -->
