<?xml version="1.0" encoding="UTF-8"?>
<!-- Generated by org.testng.reporters.JUnitReportReporter -->
<testsuite hostname="RWAMW036711" failures="0" tests="3" name="academy.HomePage" time="6.195" errors="0" timestamp="2021-10-12T13:11:49 CEST" skipped="0">
  <testcase classname="academy.HomePage" name="openHomePage" time="0.145"/>
  <system-out/>
  <testcase classname="academy.HomePage" name="subscribeToNewsletterWithInvalidEmail" time="2.641"/>
  <system-out/>
  <testcase classname="academy.HomePage" name="subscribeToNewsletterWithValidNewEmail" time="3.409"/>
  <system-out/>
</testsuite> <!-- academy.HomePage -->
