<?xml version="1.0" encoding="UTF-8"?>
<!-- Generated by org.testng.reporters.JUnitReportReporter -->
<testsuite hostname="RWAMW036711" failures="0" tests="2" name="mystore.LoginPage" time="7.422" errors="0" timestamp="2021-10-12T16:16:49 CEST" skipped="0">
  <testcase classname="mystore.LoginPage" name="login" time="3.467"/>
  <system-out/>
  <testcase classname="mystore.LoginPage" name="login" time="3.955"/>
  <system-out/>
</testsuite> <!-- mystore.LoginPage -->
