<?xml version="1.0" encoding="UTF-8"?>
<!-- Generated by org.testng.reporters.JUnitReportReporter -->
<testsuite hostname="RWAMW036711" failures="0" tests="1" name="mystore.HomePage" time="0.119" errors="0" timestamp="2021-10-12T16:16:49 CEST" skipped="0">
  <testcase classname="mystore.HomePage" name="openHomePage" time="0.119"/>
  <system-out/>
</testsuite> <!-- mystore.HomePage -->
