<?xml version="1.0" encoding="UTF-8"?>
<!-- Generated by org.testng.reporters.JUnitReportReporter -->
<testsuite hostname="RWAMW036711" failures="0" tests="2" name="mystore.Footer" time="2.892" errors="0" timestamp="2021-10-12T16:16:49 CEST" skipped="0">
  <testcase classname="mystore.Footer" name="subscribeToNewsletterWithValidNewEmail" time="1.287"/>
  <system-out/>
  <testcase classname="mystore.Footer" name="subscribeToNewsletterWithInvalidEmail" time="1.605"/>
  <system-out/>
</testsuite> <!-- mystore.Footer -->
