<?xml version="1.0" encoding="UTF-8"?>
<!-- Generated by org.testng.reporters.JUnitReportReporter -->
<testsuite hostname="RWAMW036711" failures="0" tests="2" name="academy.ContactPage" time="4.579" errors="0" timestamp="2021-10-12T13:11:49 CEST" skipped="0">
  <testcase classname="academy.ContactPage" name="openContactPage" time="1.606"/>
  <system-out/>
  <testcase classname="academy.ContactPage" name="sendValidMessageWithoutFile" time="2.973"/>
  <system-out/>
</testsuite> <!-- academy.ContactPage -->
